[1105/094856.741:ERROR:process_reader_win.cc(242)] ReadMemory at 0x77610000 of 64 bytes failed: Only part of a ReadProcessMemory or WriteProcessMemory request was completed. (0x12B)
[1105/094856.785:WARNING:pe_image_reader.cc(302)] could not read dos header from C:\Windows\SYSTEM32\ntdll.dll
[1105/094856.785:ERROR:process_reader_win.cc(242)] ReadMemory at 0x773f0000 of 64 bytes failed: Only part of a ReadProcessMemory or WriteProcessMemory request was completed. (0x12B)
[1105/094856.785:WARNING:pe_image_reader.cc(302)] could not read dos header from C:\Windows\system32\kernel32.dll
[1105/094856.785:ERROR:process_reader_win.cc(242)] ReadMemory at 0x7fefd1e0000 of 64 bytes failed: Only part of a ReadProcessMemory or WriteProcessMemory request was completed. (0x12B)
[1105/094856.786:WARNING:pe_image_reader.cc(302)] could not read dos header from C:\Windows\system32\KERNELBASE.dll
[1105/094856.786:ERROR:process_reader_win.cc(242)] ReadMemory at 0x7fefd690000 of 64 bytes failed: Only part of a ReadProcessMemory or WriteProcessMemory request was completed. (0x12B)
[1105/094856.786:WARNING:pe_image_reader.cc(302)] could not read dos header from C:\Windows\system32\msvcrt.dll
[1105/094857.494:ERROR:process_reader_win.cc(242)] ReadMemory at 0x77610000 of 64 bytes failed: Only part of a ReadProcessMemory or WriteProcessMemory request was completed. (0x12B)
[1105/094857.494:WARNING:pe_image_reader.cc(302)] could not read dos header from C:\Windows\SYSTEM32\ntdll.dll
[1105/094857.494:ERROR:process_reader_win.cc(242)] ReadMemory at 0x773f0000 of 64 bytes failed: Only part of a ReadProcessMemory or WriteProcessMemory request was completed. (0x12B)
[1105/094857.494:WARNING:pe_image_reader.cc(302)] could not read dos header from C:\Windows\system32\kernel32.dll
[1105/094857.494:ERROR:process_reader_win.cc(242)] ReadMemory at 0x7fefd1e0000 of 64 bytes failed: Only part of a ReadProcessMemory or WriteProcessMemory request was completed. (0x12B)
[1105/094857.494:WARNING:pe_image_reader.cc(302)] could not read dos header from C:\Windows\system32\KERNELBASE.dll
[1105/094857.550:ERROR:process_reader_win.cc(242)] ReadMemory at 0x7fefd690000 of 64 bytes failed: Only part of a ReadProcessMemory or WriteProcessMemory request was completed. (0x12B)
[1105/094857.550:WARNING:pe_image_reader.cc(302)] could not read dos header from C:\Windows\system32\msvcrt.dll
[1105/094857.554:ERROR:process_reader_win.cc(242)] ReadMemory at 0x77610000 of 64 bytes failed: Only part of a ReadProcessMemory or WriteProcessMemory request was completed. (0x12B)
[1105/094857.554:WARNING:pe_image_reader.cc(302)] could not read dos header from C:\Windows\SYSTEM32\ntdll.dll
[1105/094857.554:ERROR:process_reader_win.cc(242)] ReadMemory at 0x773f0000 of 64 bytes failed: Only part of a ReadProcessMemory or WriteProcessMemory request was completed. (0x12B)
[1105/094857.555:WARNING:pe_image_reader.cc(302)] could not read dos header from C:\Windows\system32\kernel32.dll
[1105/094857.555:ERROR:process_reader_win.cc(242)] ReadMemory at 0x7fefd1e0000 of 64 bytes failed: Only part of a ReadProcessMemory or WriteProcessMemory request was completed. (0x12B)
[1105/094857.555:WARNING:pe_image_reader.cc(302)] could not read dos header from C:\Windows\system32\KERNELBASE.dll
[1105/094857.555:ERROR:process_reader_win.cc(242)] ReadMemory at 0x7fefd690000 of 64 bytes failed: Only part of a ReadProcessMemory or WriteProcessMemory request was completed. (0x12B)
[1105/094857.555:WARNING:pe_image_reader.cc(302)] could not read dos header from C:\Windows\system32\msvcrt.dll
[1105/094858.079:ERROR:process_reader_win.cc(242)] ReadMemory at 0x77610000 of 64 bytes failed: Only part of a ReadProcessMemory or WriteProcessMemory request was completed. (0x12B)
[1105/094858.079:WARNING:pe_image_reader.cc(302)] could not read dos header from C:\Windows\SYSTEM32\ntdll.dll
[1105/094858.079:ERROR:process_reader_win.cc(242)] ReadMemory at 0x773f0000 of 64 bytes failed: Only part of a ReadProcessMemory or WriteProcessMemory request was completed. (0x12B)
[1105/094858.079:WARNING:pe_image_reader.cc(302)] could not read dos header from C:\Windows\system32\kernel32.dll
[1105/094858.079:ERROR:process_reader_win.cc(242)] ReadMemory at 0x7fefd1e0000 of 64 bytes failed: Only part of a ReadProcessMemory or WriteProcessMemory request was completed. (0x12B)
[1105/094858.079:WARNING:pe_image_reader.cc(302)] could not read dos header from C:\Windows\system32\KERNELBASE.dll
[1105/094858.079:ERROR:process_reader_win.cc(242)] ReadMemory at 0x7fefd690000 of 64 bytes failed: Only part of a ReadProcessMemory or WriteProcessMemory request was completed. (0x12B)
[1105/094858.079:WARNING:pe_image_reader.cc(302)] could not read dos header from C:\Windows\system32\msvcrt.dll
[1105/094858.083:ERROR:process_reader_win.cc(242)] ReadMemory at 0x77610000 of 64 bytes failed: Only part of a ReadProcessMemory or WriteProcessMemory request was completed. (0x12B)
[1105/094858.083:WARNING:pe_image_reader.cc(302)] could not read dos header from C:\Windows\SYSTEM32\ntdll.dll
[1105/094858.083:ERROR:process_reader_win.cc(242)] ReadMemory at 0x77610000 of 64 bytes failed: Only part of a ReadProcessMemory or WriteProcessMemory request was completed. (0x12B)
[1105/094858.083:WARNING:pe_image_reader.cc(302)] could not read dos header from C:\Windows\SYSTEM32\ntdll.dll
[1105/094858.083:ERROR:process_reader_win.cc(242)] ReadMemory at 0x773f0000 of 64 bytes failed: Only part of a ReadProcessMemory or WriteProcessMemory request was completed. (0x12B)
[1105/094858.083:WARNING:pe_image_reader.cc(302)] could not read dos header from C:\Windows\system32\kernel32.dll
[1105/094858.083:ERROR:process_reader_win.cc(242)] ReadMemory at 0x773f0000 of 64 bytes failed: Only part of a ReadProcessMemory or WriteProcessMemory request was completed. (0x12B)
[1105/094858.083:WARNING:pe_image_reader.cc(302)] could not read dos header from C:\Windows\system32\kernel32.dll
[1105/094858.083:ERROR:process_reader_win.cc(242)] ReadMemory at 0x7fefd1e0000 of 64 bytes failed: Only part of a ReadProcessMemory or WriteProcessMemory request was completed. (0x12B)
[1105/094858.083:WARNING:pe_image_reader.cc(302)] could not read dos header from C:\Windows\system32\KERNELBASE.dll
[1105/094858.083:ERROR:process_reader_win.cc(242)] ReadMemory at 0x7fefd1e0000 of 64 bytes failed: Only part of a ReadProcessMemory or WriteProcessMemory request was completed. (0x12B)
[1105/094858.084:WARNING:pe_image_reader.cc(302)] could not read dos header from C:\Windows\system32\KERNELBASE.dll
[1105/094858.105:ERROR:process_reader_win.cc(242)] ReadMemory at 0x7fefd690000 of 64 bytes failed: Only part of a ReadProcessMemory or WriteProcessMemory request was completed. (0x12B)
[1105/094858.105:WARNING:pe_image_reader.cc(302)] could not read dos header from C:\Windows\system32\msvcrt.dll
[1105/094858.105:ERROR:process_reader_win.cc(242)] ReadMemory at 0x7fefd690000 of 64 bytes failed: Only part of a ReadProcessMemory or WriteProcessMemory request was completed. (0x12B)
[1105/094858.105:WARNING:pe_image_reader.cc(302)] could not read dos header from C:\Windows\system32\msvcrt.dll
[1105/094909.773:ERROR:process_reader_win.cc(242)] ReadMemory at 0x77610000 of 64 bytes failed: Only part of a ReadProcessMemory or WriteProcessMemory request was completed. (0x12B)
[1105/094909.773:WARNING:pe_image_reader.cc(302)] could not read dos header from C:\Windows\SYSTEM32\ntdll.dll
[1105/094909.773:ERROR:process_reader_win.cc(242)] ReadMemory at 0x773f0000 of 64 bytes failed: Only part of a ReadProcessMemory or WriteProcessMemory request was completed. (0x12B)
[1105/094909.773:WARNING:pe_image_reader.cc(302)] could not read dos header from C:\Windows\system32\kernel32.dll
[1105/094909.773:ERROR:process_reader_win.cc(242)] ReadMemory at 0x7fefd1e0000 of 64 bytes failed: Only part of a ReadProcessMemory or WriteProcessMemory request was completed. (0x12B)
[1105/094909.773:WARNING:pe_image_reader.cc(302)] could not read dos header from C:\Windows\system32\KERNELBASE.dll
[1105/094909.773:ERROR:process_reader_win.cc(242)] ReadMemory at 0x7fefd690000 of 64 bytes failed: Only part of a ReadProcessMemory or WriteProcessMemory request was completed. (0x12B)
[1105/094909.773:WARNING:pe_image_reader.cc(302)] could not read dos header from C:\Windows\system32\msvcrt.dll
